[0103/153945.297:ERROR:third_party\crashpad\crashpad\util\file\file_io_win.cc:202] LockFileEx: Incorrect function. (0x1)
[0103/153945.306:ERROR:third_party\crashpad\crashpad\util\file\file_io_win.cc:202] LockFileEx: Incorrect function. (0x1)
[0103/153945.307:ERROR:third_party\crashpad\crashpad\util\file\file_io_win.cc:202] LockFileEx: Incorrect function. (0x1)
[0103/153945.315:ERROR:third_party\crashpad\crashpad\util\file\file_io_win.cc:202] LockFileEx: Incorrect function. (0x1)
[14648:11592:0103/153945.420:ERROR:components\segmentation_platform\internal\database\ukm_database_backend.cc:142] Failed to open UKM database: 0 database is locked

DevTools listening on ws://127.0.0.1:35459/devtools/browser/838acfd7-d262-41ca-abc3-680341db6437
[14648:19076:0103/153945.450:ERROR:components\password_manager\core\browser\password_store\login_database.cc:1141] Unable to open the password store database.
[14648:10248:0103/153945.450:ERROR:components\password_manager\core\browser\password_store\login_database.cc:1141] Unable to open the password store database.
[14648:10248:0103/153945.450:ERROR:components\password_manager\core\browser\password_store\login_database_async_helper.cc:79] Could not create/open login database.
[14648:19076:0103/153945.451:ERROR:components\password_manager\core\browser\password_store\login_database_async_helper.cc:79] Could not create/open login database.
[14648:3840:0103/153945.459:ERROR:content\browser\network_sandbox.cc:384] Failed to grant sandbox access to cache directory \\wsl.localhost\Ubuntu\home\cbenge\github\cbenge509.github.io\undefined\Users\undefined\AppData\Local\lighthouse.64557754\Default\Cache\Cache_Data: Incorrect function. (0x1)
[14648:20324:0103/153945.468:ERROR:content\browser\network_sandbox.cc:489] Failed to grant sandbox access to network context data directory \\wsl.localhost\Ubuntu\home\cbenge\github\cbenge509.github.io\undefined\Users\undefined\AppData\Local\lighthouse.64557754\Default\Safe Browsing Network: Incorrect function. (0x1)
[14648:25568:0103/153945.470:ERROR:content\browser\network_service_instance_impl.cc:244] Encountered error while migrating network context data or granting sandbox access for \\wsl.localhost\Ubuntu\home\cbenge\github\cbenge509.github.io\undefined\Users\undefined\AppData\Local\lighthouse.64557754\Default\Safe Browsing Network. Result: 6: The operation completed successfully. (0x0)
[14648:3840:0103/153945.486:ERROR:content\browser\network_sandbox.cc:317] Failed to grant sandbox access to NoVarySearch directory \\wsl.localhost\Ubuntu\home\cbenge\github\cbenge509.github.io\undefined\Users\undefined\AppData\Local\lighthouse.64557754\Default\Cache\No_Vary_Search: Incorrect function. (0x1)
[14648:3840:0103/153945.499:ERROR:content\browser\network_sandbox.cc:317] Failed to grant sandbox access to SharedDictionary directory \\wsl.localhost\Ubuntu\home\cbenge\github\cbenge509.github.io\undefined\Users\undefined\AppData\Local\lighthouse.64557754\Default\Shared Dictionary: Incorrect function. (0x1)
[14648:3840:0103/153945.519:ERROR:content\browser\network_sandbox.cc:489] Failed to grant sandbox access to network context data directory \\wsl.localhost\Ubuntu\home\cbenge\github\cbenge509.github.io\undefined\Users\undefined\AppData\Local\lighthouse.64557754\Default\Network: Incorrect function. (0x1)
[14648:25568:0103/153945.520:ERROR:content\browser\network_service_instance_impl.cc:244] Encountered error while migrating network context data or granting sandbox access for \\wsl.localhost\Ubuntu\home\cbenge\github\cbenge509.github.io\undefined\Users\undefined\AppData\Local\lighthouse.64557754\Default\Network. Result: 6: Access is denied. (0x5)
[14648:19076:0103/153945.535:ERROR:components\history\core\browser\top_sites_backend.cc:78] Failed to initialize database.
[14648:25568:0103/153950.499:ERROR:components\device_event_log\device_event_log_impl.cc:198] [15:39:50.499] USB: usb_service_win.cc:105 SetupDiGetDeviceProperty({{A45C254E-DF1C-4EFD-8020-67D146A850E0}, 6}) failed: Element not found. (0x490)
[14648:7456:0103/153953.272:ERROR:google_apis\gcm\engine\gcm_store_impl.cc:322] Failed to open database \\wsl.localhost\Ubuntu\home\cbenge\github\cbenge509.github.io\undefined\Users\undefined\AppData\Local\lighthouse.64557754\Default\GCM Store: IO error: \\wsl.localhost\Ubuntu\home\cbenge\github\cbenge509.github.io\undefined\Users\undefined\AppData\Local\lighthouse.64557754\Default\GCM Store/LOCK: No further details. (ChromeMethodBFE: 15::LockFile::1)
[14648:10764:0103/153954.774:ERROR:google_apis\gcm\engine\gcm_store_impl.cc:419] Destroy failed: IO error: \\wsl.localhost\Ubuntu\home\cbenge\github\cbenge509.github.io\undefined\Users\undefined\AppData\Local\lighthouse.64557754\Default\GCM Store/LOCK: No further details. (ChromeMethodBFE: 15::LockFile::1)
[14648:25208:0103/153954.774:ERROR:components\gcm_driver\gcm_client_impl.cc:759] Failed to reset GCM store
[14648:25568:0103/154346.025:ERROR:components\device_event_log\device_event_log_impl.cc:198] [15:43:46.026] FIDO: enclave_manager.cc:4252 Failed to write enclave state
[0103/154945.298:ERROR:third_party\crashpad\crashpad\util\file\file_io_win.cc:202] LockFileEx: Incorrect function. (0x1)
[0103/154945.314:ERROR:third_party\crashpad\crashpad\util\file\file_io_win.cc:202] LockFileEx: Incorrect function. (0x1)
[0103/154945.314:ERROR:third_party\crashpad\crashpad\util\file\file_io_win.cc:202] LockFileEx: Incorrect function. (0x1)
[0103/154945.378:ERROR:third_party\crashpad\crashpad\client\crash_report_database_win.cc:344] LockFileEx: Incorrect function. (0x1)
[0103/154945.378:ERROR:third_party\crashpad\crashpad\util\file\filesystem_win.cc:147] DeleteFile \\wsl.localhost\Ubuntu\home\cbenge\github\cbenge509.github.io\undefined\Users\undefined\AppData\Local\lighthouse.64557754\Crashpad\reports\1a813576-5ad8-4134-92f9-462119855b69.dmp: The process cannot access the file because it is being used by another process. (0x20)
[14648:25568:0103/182132.709:ERROR:components\device_event_log\device_event_log_impl.cc:198] [18:21:32.711] USB: usb_service_win.cc:105 SetupDiGetDeviceProperty({{A45C254E-DF1C-4EFD-8020-67D146A850E0}, 6}) failed: Element not found. (0x490)
