[0103/185945.723:ERROR:third_party\crashpad\crashpad\util\file\file_io_win.cc:202] LockFileEx: Incorrect function. (0x1)
[0103/185945.733:ERROR:third_party\crashpad\crashpad\util\file\file_io_win.cc:202] LockFileEx: Incorrect function. (0x1)
[0103/185945.734:ERROR:third_party\crashpad\crashpad\util\file\file_io_win.cc:202] LockFileEx: Incorrect function. (0x1)
[0103/185945.742:ERROR:third_party\crashpad\crashpad\util\file\file_io_win.cc:202] LockFileEx: Incorrect function. (0x1)
[29792:29816:0103/185945.843:ERROR:components\segmentation_platform\internal\database\ukm_database_backend.cc:142] Failed to open UKM database: 0 database is locked

DevTools listening on ws://127.0.0.1:33117/devtools/browser/58baf2f0-1356-4143-a283-49a8a6267fb5
[29792:28096:0103/185945.875:ERROR:components\password_manager\core\browser\password_store\login_database.cc:1141] Unable to open the password store database.
[29792:28924:0103/185945.875:ERROR:components\password_manager\core\browser\password_store\login_database.cc:1141] Unable to open the password store database.
[29792:28096:0103/185945.875:ERROR:components\password_manager\core\browser\password_store\login_database_async_helper.cc:79] Could not create/open login database.
[29792:28924:0103/185945.875:ERROR:components\password_manager\core\browser\password_store\login_database_async_helper.cc:79] Could not create/open login database.
[29792:17328:0103/185945.875:ERROR:content\browser\network_sandbox.cc:384] Failed to grant sandbox access to cache directory \\wsl.localhost\Ubuntu\home\cbenge\github\cbenge509.github.io\undefined\Users\undefined\AppData\Local\lighthouse.92936914\Default\Cache\Cache_Data: Incorrect function. (0x1)
[29792:11416:0103/185945.888:ERROR:content\browser\network_sandbox.cc:489] Failed to grant sandbox access to network context data directory \\wsl.localhost\Ubuntu\home\cbenge\github\cbenge509.github.io\undefined\Users\undefined\AppData\Local\lighthouse.92936914\Default\Safe Browsing Network: Incorrect function. (0x1)
[29792:15756:0103/185945.894:ERROR:content\browser\network_service_instance_impl.cc:244] Encountered error while migrating network context data or granting sandbox access for \\wsl.localhost\Ubuntu\home\cbenge\github\cbenge509.github.io\undefined\Users\undefined\AppData\Local\lighthouse.92936914\Default\Safe Browsing Network. Result: 6: The operation completed successfully. (0x0)
[29792:17328:0103/185945.905:ERROR:content\browser\network_sandbox.cc:317] Failed to grant sandbox access to NoVarySearch directory \\wsl.localhost\Ubuntu\home\cbenge\github\cbenge509.github.io\undefined\Users\undefined\AppData\Local\lighthouse.92936914\Default\Cache\No_Vary_Search: Incorrect function. (0x1)
[29792:17328:0103/185945.924:ERROR:content\browser\network_sandbox.cc:317] Failed to grant sandbox access to SharedDictionary directory \\wsl.localhost\Ubuntu\home\cbenge\github\cbenge509.github.io\undefined\Users\undefined\AppData\Local\lighthouse.92936914\Default\Shared Dictionary: Incorrect function. (0x1)
[29792:17328:0103/185945.937:ERROR:content\browser\network_sandbox.cc:489] Failed to grant sandbox access to network context data directory \\wsl.localhost\Ubuntu\home\cbenge\github\cbenge509.github.io\undefined\Users\undefined\AppData\Local\lighthouse.92936914\Default\Network: Incorrect function. (0x1)
[29792:15756:0103/185945.937:ERROR:content\browser\network_service_instance_impl.cc:244] Encountered error while migrating network context data or granting sandbox access for \\wsl.localhost\Ubuntu\home\cbenge\github\cbenge509.github.io\undefined\Users\undefined\AppData\Local\lighthouse.92936914\Default\Network. Result: 6: Overlapped I/O operation is in progress. (0x3E5)
[29792:28096:0103/185945.989:ERROR:components\history\core\browser\top_sites_backend.cc:78] Failed to initialize database.
[29792:15756:0103/185950.926:ERROR:components\device_event_log\device_event_log_impl.cc:198] [18:59:50.927] USB: usb_service_win.cc:105 SetupDiGetDeviceProperty({{A45C254E-DF1C-4EFD-8020-67D146A850E0}, 6}) failed: Element not found. (0x490)
[29792:30256:0103/185954.269:ERROR:google_apis\gcm\engine\gcm_store_impl.cc:322] Failed to open database \\wsl.localhost\Ubuntu\home\cbenge\github\cbenge509.github.io\undefined\Users\undefined\AppData\Local\lighthouse.92936914\Default\GCM Store: IO error: \\wsl.localhost\Ubuntu\home\cbenge\github\cbenge509.github.io\undefined\Users\undefined\AppData\Local\lighthouse.92936914\Default\GCM Store/LOCK: No further details. (ChromeMethodBFE: 15::LockFile::1)
[29792:30256:0103/185955.286:ERROR:google_apis\gcm\engine\gcm_store_impl.cc:419] Destroy failed: IO error: \\wsl.localhost\Ubuntu\home\cbenge\github\cbenge509.github.io\undefined\Users\undefined\AppData\Local\lighthouse.92936914\Default\GCM Store/LOCK: No further details. (ChromeMethodBFE: 15::LockFile::1)
[29792:29588:0103/185955.286:ERROR:components\gcm_driver\gcm_client_impl.cc:759] Failed to reset GCM store
[29792:15756:0103/190346.435:ERROR:components\device_event_log\device_event_log_impl.cc:198] [19:03:46.436] FIDO: enclave_manager.cc:4252 Failed to write enclave state
[0103/190945.747:ERROR:third_party\crashpad\crashpad\util\file\file_io_win.cc:202] LockFileEx: Incorrect function. (0x1)
[0103/190945.761:ERROR:third_party\crashpad\crashpad\util\file\file_io_win.cc:202] LockFileEx: Incorrect function. (0x1)
[0103/190945.762:ERROR:third_party\crashpad\crashpad\util\file\file_io_win.cc:202] LockFileEx: Incorrect function. (0x1)
[0103/190945.838:ERROR:third_party\crashpad\crashpad\client\crash_report_database_win.cc:344] LockFileEx: Incorrect function. (0x1)
[0103/190945.839:ERROR:third_party\crashpad\crashpad\util\file\filesystem_win.cc:147] DeleteFile \\wsl.localhost\Ubuntu\home\cbenge\github\cbenge509.github.io\undefined\Users\undefined\AppData\Local\lighthouse.92936914\Crashpad\reports\0fc5b270-dc46-496d-9f71-b85ac65bd588.dmp: The process cannot access the file because it is being used by another process. (0x20)
