[0103/154417.198:ERROR:third_party\crashpad\crashpad\util\file\file_io_win.cc:202] LockFileEx: Incorrect function. (0x1)
[0103/154417.207:ERROR:third_party\crashpad\crashpad\util\file\file_io_win.cc:202] LockFileEx: Incorrect function. (0x1)
[0103/154417.208:ERROR:third_party\crashpad\crashpad\util\file\file_io_win.cc:202] LockFileEx: Incorrect function. (0x1)
[0103/154417.219:ERROR:third_party\crashpad\crashpad\util\file\file_io_win.cc:202] LockFileEx: Incorrect function. (0x1)
[13328:8532:0103/154417.327:ERROR:components\segmentation_platform\internal\database\ukm_database_backend.cc:142] Failed to open UKM database: 0 database is locked

DevTools listening on ws://127.0.0.1:44597/devtools/browser/23b73919-d622-4043-aae7-3517229d7cfc
[13328:3288:0103/154417.361:ERROR:components\password_manager\core\browser\password_store\login_database.cc:1141] Unable to open the password store database.
[13328:7636:0103/154417.361:ERROR:components\password_manager\core\browser\password_store\login_database.cc:1141] Unable to open the password store database.
[13328:3288:0103/154417.361:ERROR:components\password_manager\core\browser\password_store\login_database_async_helper.cc:79] Could not create/open login database.
[13328:7636:0103/154417.361:ERROR:components\password_manager\core\browser\password_store\login_database_async_helper.cc:79] Could not create/open login database.
[13328:4432:0103/154417.368:ERROR:content\browser\network_sandbox.cc:384] Failed to grant sandbox access to cache directory \\wsl.localhost\Ubuntu\home\cbenge\github\cbenge509.github.io\undefined\Users\undefined\AppData\Local\lighthouse.23654610\Default\Cache\Cache_Data: Incorrect function. (0x1)
[13328:25072:0103/154417.370:ERROR:content\browser\network_sandbox.cc:489] Failed to grant sandbox access to network context data directory \\wsl.localhost\Ubuntu\home\cbenge\github\cbenge509.github.io\undefined\Users\undefined\AppData\Local\lighthouse.23654610\Default\Safe Browsing Network: Incorrect function. (0x1)
[13328:2832:0103/154417.381:ERROR:content\browser\network_service_instance_impl.cc:244] Encountered error while migrating network context data or granting sandbox access for \\wsl.localhost\Ubuntu\home\cbenge\github\cbenge509.github.io\undefined\Users\undefined\AppData\Local\lighthouse.23654610\Default\Safe Browsing Network. Result: 6: The operation completed successfully. (0x0)
[13328:4432:0103/154417.392:ERROR:content\browser\network_sandbox.cc:317] Failed to grant sandbox access to NoVarySearch directory \\wsl.localhost\Ubuntu\home\cbenge\github\cbenge509.github.io\undefined\Users\undefined\AppData\Local\lighthouse.23654610\Default\Cache\No_Vary_Search: Incorrect function. (0x1)
[13328:4432:0103/154417.413:ERROR:content\browser\network_sandbox.cc:317] Failed to grant sandbox access to SharedDictionary directory \\wsl.localhost\Ubuntu\home\cbenge\github\cbenge509.github.io\undefined\Users\undefined\AppData\Local\lighthouse.23654610\Default\Shared Dictionary: Incorrect function. (0x1)
[13328:4432:0103/154417.434:ERROR:content\browser\network_sandbox.cc:489] Failed to grant sandbox access to network context data directory \\wsl.localhost\Ubuntu\home\cbenge\github\cbenge509.github.io\undefined\Users\undefined\AppData\Local\lighthouse.23654610\Default\Network: Incorrect function. (0x1)
[13328:2832:0103/154417.434:ERROR:content\browser\network_service_instance_impl.cc:244] Encountered error while migrating network context data or granting sandbox access for \\wsl.localhost\Ubuntu\home\cbenge\github\cbenge509.github.io\undefined\Users\undefined\AppData\Local\lighthouse.23654610\Default\Network. Result: 6: Overlapped I/O operation is in progress. (0x3E5)
[13328:25072:0103/154417.455:ERROR:components\history\core\browser\top_sites_backend.cc:78] Failed to initialize database.
[13328:2832:0103/154422.418:ERROR:components\device_event_log\device_event_log_impl.cc:198] [15:44:22.418] USB: usb_service_win.cc:105 SetupDiGetDeviceProperty({{A45C254E-DF1C-4EFD-8020-67D146A850E0}, 6}) failed: Element not found. (0x490)
[13328:16460:0103/154425.751:ERROR:google_apis\gcm\engine\gcm_store_impl.cc:322] Failed to open database \\wsl.localhost\Ubuntu\home\cbenge\github\cbenge509.github.io\undefined\Users\undefined\AppData\Local\lighthouse.23654610\Default\GCM Store: IO error: \\wsl.localhost\Ubuntu\home\cbenge\github\cbenge509.github.io\undefined\Users\undefined\AppData\Local\lighthouse.23654610\Default\GCM Store/LOCK: No further details. (ChromeMethodBFE: 15::LockFile::1)
[13328:16460:0103/154426.829:ERROR:google_apis\gcm\engine\gcm_store_impl.cc:419] Destroy failed: IO error: \\wsl.localhost\Ubuntu\home\cbenge\github\cbenge509.github.io\undefined\Users\undefined\AppData\Local\lighthouse.23654610\Default\GCM Store/LOCK: No further details. (ChromeMethodBFE: 15::LockFile::1)
[13328:21540:0103/154426.829:ERROR:components\gcm_driver\gcm_client_impl.cc:759] Failed to reset GCM store
[13328:2832:0103/154817.924:ERROR:components\device_event_log\device_event_log_impl.cc:198] [15:48:17.927] FIDO: enclave_manager.cc:4252 Failed to write enclave state
[0103/155417.204:ERROR:third_party\crashpad\crashpad\util\file\file_io_win.cc:202] LockFileEx: Incorrect function. (0x1)
[0103/155417.217:ERROR:third_party\crashpad\crashpad\util\file\file_io_win.cc:202] LockFileEx: Incorrect function. (0x1)
[0103/155417.219:ERROR:third_party\crashpad\crashpad\util\file\file_io_win.cc:202] LockFileEx: Incorrect function. (0x1)
[0103/155417.287:ERROR:third_party\crashpad\crashpad\client\crash_report_database_win.cc:344] LockFileEx: Incorrect function. (0x1)
[0103/155417.288:ERROR:third_party\crashpad\crashpad\util\file\filesystem_win.cc:147] DeleteFile \\wsl.localhost\Ubuntu\home\cbenge\github\cbenge509.github.io\undefined\Users\undefined\AppData\Local\lighthouse.23654610\Crashpad\reports\8c93969a-b321-416d-9635-335f2febf088.dmp: The process cannot access the file because it is being used by another process. (0x20)
[13328:2832:0103/182132.711:ERROR:components\device_event_log\device_event_log_impl.cc:198] [18:21:32.711] USB: usb_service_win.cc:105 SetupDiGetDeviceProperty({{A45C254E-DF1C-4EFD-8020-67D146A850E0}, 6}) failed: Element not found. (0x490)
