[0103/185914.160:ERROR:third_party\crashpad\crashpad\util\file\file_io_win.cc:202] LockFileEx: Incorrect function. (0x1)
[0103/185914.166:ERROR:third_party\crashpad\crashpad\util\file\file_io_win.cc:202] LockFileEx: Incorrect function. (0x1)
[0103/185914.172:ERROR:third_party\crashpad\crashpad\util\file\file_io_win.cc:202] LockFileEx: Incorrect function. (0x1)
[0103/185914.179:ERROR:third_party\crashpad\crashpad\util\file\file_io_win.cc:202] LockFileEx: Incorrect function. (0x1)
[27656:10120:0103/185914.287:ERROR:components\segmentation_platform\internal\database\ukm_database_backend.cc:142] Failed to open UKM database: 0 database is locked

DevTools listening on ws://127.0.0.1:40185/devtools/browser/1ec0a652-f494-4aa9-a956-4b2518f5e280
[27656:30628:0103/185914.317:ERROR:components\password_manager\core\browser\password_store\login_database.cc:1141] Unable to open the password store database.
[27656:27012:0103/185914.317:ERROR:components\password_manager\core\browser\password_store\login_database.cc:1141] Unable to open the password store database.
[27656:27012:0103/185914.317:ERROR:components\password_manager\core\browser\password_store\login_database_async_helper.cc:79] Could not create/open login database.
[27656:30628:0103/185914.317:ERROR:components\password_manager\core\browser\password_store\login_database_async_helper.cc:79] Could not create/open login database.
[27656:30268:0103/185914.338:ERROR:content\browser\network_sandbox.cc:489] Failed to grant sandbox access to network context data directory \\wsl.localhost\Ubuntu\home\cbenge\github\cbenge509.github.io\undefined\Users\undefined\AppData\Local\lighthouse.74180406\Default\Safe Browsing Network: Incorrect function. (0x1)
[27656:27228:0103/185914.339:ERROR:content\browser\network_sandbox.cc:384] Failed to grant sandbox access to cache directory \\wsl.localhost\Ubuntu\home\cbenge\github\cbenge509.github.io\undefined\Users\undefined\AppData\Local\lighthouse.74180406\Default\Cache\Cache_Data: Incorrect function. (0x1)
[27656:25560:0103/185914.347:ERROR:content\browser\network_service_instance_impl.cc:244] Encountered error while migrating network context data or granting sandbox access for \\wsl.localhost\Ubuntu\home\cbenge\github\cbenge509.github.io\undefined\Users\undefined\AppData\Local\lighthouse.74180406\Default\Safe Browsing Network. Result: 6: The operation completed successfully. (0x0)
[27656:27228:0103/185914.362:ERROR:content\browser\network_sandbox.cc:317] Failed to grant sandbox access to NoVarySearch directory \\wsl.localhost\Ubuntu\home\cbenge\github\cbenge509.github.io\undefined\Users\undefined\AppData\Local\lighthouse.74180406\Default\Cache\No_Vary_Search: Incorrect function. (0x1)
[27656:27228:0103/185914.377:ERROR:content\browser\network_sandbox.cc:317] Failed to grant sandbox access to SharedDictionary directory \\wsl.localhost\Ubuntu\home\cbenge\github\cbenge509.github.io\undefined\Users\undefined\AppData\Local\lighthouse.74180406\Default\Shared Dictionary: Incorrect function. (0x1)
[27656:27228:0103/185914.387:ERROR:content\browser\network_sandbox.cc:489] Failed to grant sandbox access to network context data directory \\wsl.localhost\Ubuntu\home\cbenge\github\cbenge509.github.io\undefined\Users\undefined\AppData\Local\lighthouse.74180406\Default\Network: Incorrect function. (0x1)
[27656:25560:0103/185914.387:ERROR:content\browser\network_service_instance_impl.cc:244] Encountered error while migrating network context data or granting sandbox access for \\wsl.localhost\Ubuntu\home\cbenge\github\cbenge509.github.io\undefined\Users\undefined\AppData\Local\lighthouse.74180406\Default\Network. Result: 6: Overlapped I/O operation is in progress. (0x3E5)
[27656:27012:0103/185914.396:ERROR:components\history\core\browser\top_sites_backend.cc:78] Failed to initialize database.
[27656:25560:0103/185919.376:ERROR:components\device_event_log\device_event_log_impl.cc:198] [18:59:19.379] USB: usb_service_win.cc:105 SetupDiGetDeviceProperty({{A45C254E-DF1C-4EFD-8020-67D146A850E0}, 6}) failed: Element not found. (0x490)
[27656:30620:0103/185922.158:ERROR:google_apis\gcm\engine\gcm_store_impl.cc:322] Failed to open database \\wsl.localhost\Ubuntu\home\cbenge\github\cbenge509.github.io\undefined\Users\undefined\AppData\Local\lighthouse.74180406\Default\GCM Store: IO error: \\wsl.localhost\Ubuntu\home\cbenge\github\cbenge509.github.io\undefined\Users\undefined\AppData\Local\lighthouse.74180406\Default\GCM Store/LOCK: No further details. (ChromeMethodBFE: 15::LockFile::1)
[27656:30620:0103/185923.216:ERROR:google_apis\gcm\engine\gcm_store_impl.cc:419] Destroy failed: IO error: \\wsl.localhost\Ubuntu\home\cbenge\github\cbenge509.github.io\undefined\Users\undefined\AppData\Local\lighthouse.74180406\Default\GCM Store/LOCK: No further details. (ChromeMethodBFE: 15::LockFile::1)
[27656:26408:0103/185923.216:ERROR:components\gcm_driver\gcm_client_impl.cc:759] Failed to reset GCM store
[27656:25560:0103/190314.890:ERROR:components\device_event_log\device_event_log_impl.cc:198] [19:03:14.893] FIDO: enclave_manager.cc:4252 Failed to write enclave state
[0103/190914.167:ERROR:third_party\crashpad\crashpad\util\file\file_io_win.cc:202] LockFileEx: Incorrect function. (0x1)
[0103/190914.182:ERROR:third_party\crashpad\crashpad\util\file\file_io_win.cc:202] LockFileEx: Incorrect function. (0x1)
[0103/190914.183:ERROR:third_party\crashpad\crashpad\util\file\file_io_win.cc:202] LockFileEx: Incorrect function. (0x1)
[0103/190914.257:ERROR:third_party\crashpad\crashpad\client\crash_report_database_win.cc:344] LockFileEx: Incorrect function. (0x1)
[0103/190914.259:ERROR:third_party\crashpad\crashpad\util\file\filesystem_win.cc:147] DeleteFile \\wsl.localhost\Ubuntu\home\cbenge\github\cbenge509.github.io\undefined\Users\undefined\AppData\Local\lighthouse.74180406\Crashpad\reports\3ecb7191-e799-40d2-a59d-b577d123febd.dmp: The process cannot access the file because it is being used by another process. (0x20)
